<?xml version="1.0" encoding="UTF-8"?>
<testsuite xmlns:xsi="http://www.w3.org/2001/XMLSchema-instance" xsi:schemaLocation="https://maven.apache.org/surefire/maven-surefire-plugin/xsd/surefire-test-report.xsd" name="com.doney.persistence.PlayerDaoTest" time="2.242" tests="9" errors="0" skipped="0" failures="0">
  <properties>
[...]
</properties>
  <testcase name="deleteSuccess" classname="com.doney.persistence.PlayerDaoTest" time="0.256"/>
  <testcase name="getAllSuccess" classname="com.doney.persistence.PlayerDaoTest" time="0.259"/>
  <testcase name="getByPropertyLikeMapSuccess" classname="com.doney.persistence.PlayerDaoTest" time="0.253"/>
  <testcase name="getByPropertyLikeSuccess" classname="com.doney.persistence.PlayerDaoTest" time="0.265"/>
  <testcase name="findRoundsPlayerInSuccess" classname="com.doney.persistence.PlayerDaoTest" time="0.245"/>
  <testcase name="findByPropertyLikeMapSuccess" classname="com.doney.persistence.PlayerDaoTest" time="0.238"/>
  <testcase name="getByIdSuccess" classname="com.doney.persistence.PlayerDaoTest" time="0.238"/>
  <testcase name="updateSuccess" classname="com.doney.persistence.PlayerDaoTest" time="0.244"/>
  <testcase name="insertSuccess" classname="com.doney.persistence.PlayerDaoTest" time="0.241"/>
</testsuite>